<?xml version="1.0" encoding="UTF-8"?>
<!-- Generated by org.testng.reporters.JUnitXMLReporter -->
<testsuite hostname="T520" ignored="0" name="Default test" tests="17" failures="0" timestamp="18 Jun 2017 20:48:08 GMT" time="15.41" errors="0">
  <testcase name="GrabPageTitleToSlot1" time="2.302" classname="digital.MappDigital"/>
  <testcase name="FillOutNameSection" time="0.195" classname="digital.MappDigital"/>
  <testcase name="SetOccupation" time="0.161" classname="digital.MappDigital"/>
  <testcase name="CountBlueBoxes" time="0.155" classname="digital.MappDigital"/>
  <testcase name="ClickLink" time="0.091" classname="digital.MappDigital"/>
  <testcase name="FindRedBoxClass" time="0.213" classname="digital.MappDigital"/>
  <testcase name="RunJavaScript" time="0.015" classname="digital.MappDigital"/>
  <testcase name="RunJavaScriptGetValue" time="0.134" classname="digital.MappDigital"/>
  <testcase name="MarkRadioButton" time="0.116" classname="digital.MappDigital"/>
  <testcase name="GetRedBoxText" time="0.201" classname="digital.MappDigital"/>
  <testcase name="WhichBoxOnTop" time="0.194" classname="digital.MappDigital"/>
  <testcase name="ResizeBrowser" time="1.27" classname="digital.MappDigital"/>
  <testcase name="YesNoIfOnPageIsthere" time="0.194" classname="digital.MappDigital"/>
  <testcase name="YesNoIfOnPageVisiblePurplebox" time="0.155" classname="digital.MappDigital"/>
  <testcase name="WaitingGame" time="5.838" classname="digital.MappDigital"/>
  <testcase name="AcceptAlert" time="0.064" classname="digital.MappDigital"/>
  <testcase name="ClickSubmitButton" time="0.087" classname="digital.MappDigital"/>
</testsuite> <!-- Default test -->
