<?xml version="1.0" encoding="UTF-8"?>
<testng-results skipped="0" failed="0" ignored="0" total="0" passed="0">
  <reporter-output>
  </reporter-output>
  <suite name="digital.AppTest" duration-ms="14" started-at="2017-06-18T08:50:20Z" finished-at="2017-06-18T08:50:20Z">
    <groups>
    </groups>
    <test name="Command line test" duration-ms="14" started-at="2017-06-18T08:50:20Z" finished-at="2017-06-18T08:50:20Z">
    </test> <!-- Command line test -->
  </suite> <!-- digital.AppTest -->
</testng-results>
